\BOOKMARK [1][-]{section.1}{Assignment 1}{}% 1
\BOOKMARK [2][-]{subsection.1.1}{}{section.1}% 2
\BOOKMARK [3][-]{subsubsection.1.1.1}{}{subsection.1.1}% 3
\BOOKMARK [3][-]{subsubsection.1.1.2}{}{subsection.1.1}% 4
\BOOKMARK [3][-]{subsubsection.1.1.3}{}{subsection.1.1}% 5
\BOOKMARK [2][-]{subsection.1.2}{}{section.1}% 6
\BOOKMARK [1][-]{section.2}{Assignment 2}{}% 7
\BOOKMARK [2][-]{subsection.2.1}{Hamilton's Principle}{section.2}% 8
\BOOKMARK [3][-]{subsubsection.2.1.1}{Differential Equation aka green part}{subsection.2.1}% 9
\BOOKMARK [3][-]{subsubsection.2.1.2}{Boundary conditions with virtual displacement aka Red Part}{subsection.2.1}% 10
\BOOKMARK [3][-]{subsubsection.2.1.3}{Blue part}{subsection.2.1}% 11
\BOOKMARK [2][-]{subsection.2.2}{Analysis}{section.2}% 12
\BOOKMARK [2][-]{subsection.2.3}{Analysis with open second end}{section.2}% 13
\BOOKMARK [1][-]{section.3}{Assignment 3}{}% 14
\BOOKMARK [2][-]{subsection.3.1}{}{section.3}% 15
\BOOKMARK [2][-]{subsection.3.2}{}{section.3}% 16
\BOOKMARK [2][-]{subsection.3.3}{}{section.3}% 17
\BOOKMARK [2][-]{subsection.3.4}{}{section.3}% 18
\BOOKMARK [2][-]{subsection.3.5}{Plugging in the values:}{section.3}% 19
\BOOKMARK [2][-]{subsection.3.6}{Equilibrium State}{section.3}% 20
\BOOKMARK [1][-]{section.4}{Assignment 4}{}% 21
\BOOKMARK [2][-]{subsection.4.1}{DONE}{section.4}% 22
\BOOKMARK [2][-]{subsection.4.2}{DONE}{section.4}% 23
\BOOKMARK [2][-]{subsection.4.3}{DONE}{section.4}% 24
\BOOKMARK [2][-]{subsection.4.4}{DONE}{section.4}% 25
\BOOKMARK [2][-]{subsection.4.5}{}{section.4}% 26
\BOOKMARK [3][-]{subsubsection.4.5.1}{DONE}{subsection.4.5}% 27
\BOOKMARK [3][-]{subsubsection.4.5.2}{Different Equilibrium states}{subsection.4.5}% 28
\BOOKMARK [2][-]{subsection.4.6}{Analysis}{section.4}% 29
\BOOKMARK [2][-]{subsection.4.7}{DONE}{section.4}% 30
\BOOKMARK [2][-]{subsection.4.8}{Eigenmodes and Eigenfrequencies}{section.4}% 31
\BOOKMARK [3][-]{subsubsection.4.8.1}{DONE}{subsection.4.8}% 32
\BOOKMARK [3][-]{subsubsection.4.8.2}{Mode Shapes}{subsection.4.8}% 33
